<?xml version="1.0" encoding="UTF-8"?>
<!-- Generated by org.testng.reporters.JUnitReportReporter -->
<testsuite hostname="BT1704430" failures="0" tests="4" name="TestCases.TC_VideoGameAPI" time="3.430" errors="0" timestamp="2025-05-13T02:01:37 IST" skipped="0">
  <testcase classname="TestCases.TC_VideoGameAPI" name="TC_GetAllVideoGames" time="2.136"/>
  <testcase classname="TestCases.TC_VideoGameAPI" name="TC_addNewVideoGame" time="0.192"/>
  <testcase classname="TestCases.TC_VideoGameAPI" name="TC_GetAVideoGame" time="1.054"/>
  <testcase classname="TestCases.TC_VideoGameAPI" name="TC_DeleteAVideoGame" time="0.048"/>
</testsuite> <!-- TestCases.TC_VideoGameAPI -->
